<?xml version="1.0"?>
<!DOCTYPE coverage SYSTEM "http://cobertura.sourceforge.net/xml/coverage-04.dtd">

<coverage line-rate="0.75" branch-rate="0.3333333333333333" lines-covered="30" lines-valid="40" branches-covered="8" branches-valid="24" complexity="2.2857142857142856" version="2.0.3" timestamp="1390449302633">
	<sources>
		<source>src</source>
	</sources>
	<packages>
		<package name="" line-rate="0.75" branch-rate="0.3333333333333333" complexity="2.2857142857142856">
			<classes>
				<class name="MyComparator" filename="MyComparator.java" line-rate="0.5" branch-rate="0.0" complexity="2.4285714285714284">
					<methods>
						<method name="&lt;init&gt;" signature="(Ljava/lang/String;I)V" line-rate="1.0" branch-rate="1.0">
							<lines>
								<line number="5" hits="15" branch="false"/>
								<line number="6" hits="15" branch="false"/>
								<line number="7" hits="15" branch="false"/>
								<line number="8" hits="15" branch="false"/>
							</lines>
						</method>
						<method name="compareTo" signature="(LMyComparator;)I" line-rate="1.0" branch-rate="1.0">
							<lines>
								<line number="40" hits="8" branch="false"/>
							</lines>
						</method>
						<method name="compareTo" signature="(Ljava/lang/Object;)I" line-rate="1.0" branch-rate="1.0">
							<lines>
								<line number="1" hits="8" branch="false"/>
							</lines>
						</method>
						<method name="equals" signature="(Ljava/lang/Object;)Z" line-rate="0.0" branch-rate="0.0">
							<lines>
								<line number="19" hits="0" branch="true" condition-coverage="0% (0/2)">
									<conditions>
										<condition number="0" type="jump" coverage="0%"/>
									</conditions>
								</line>
								<line number="20" hits="0" branch="true" condition-coverage="0% (0/2)">
									<conditions>
										<condition number="0" type="jump" coverage="0%"/>
									</conditions>
								</line>
								<line number="22" hits="0" branch="false"/>
								<line number="24" hits="0" branch="true" condition-coverage="0% (0/2)">
									<conditions>
										<condition number="0" type="jump" coverage="0%"/>
									</conditions>
								</line>
								<line number="25" hits="0" branch="true" condition-coverage="0% (0/6)">
									<conditions>
										<condition number="0" type="jump" coverage="0%"/>
										<condition number="1" type="jump" coverage="0%"/>
										<condition number="2" type="jump" coverage="0%"/>
									</conditions>
								</line>
								<line number="27" hits="0" branch="false"/>
							</lines>
						</method>
						<method name="getAge" signature="()I" line-rate="1.0" branch-rate="1.0">
							<lines>
								<line number="14" hits="14" branch="false"/>
							</lines>
						</method>
						<method name="getName" signature="()Ljava/lang/String;" line-rate="1.0" branch-rate="1.0">
							<lines>
								<line number="10" hits="35" branch="false"/>
							</lines>
						</method>
						<method name="hashCode" signature="()I" line-rate="0.0" branch-rate="0.0">
							<lines>
								<line number="32" hits="0" branch="true" condition-coverage="0% (0/2)">
									<conditions>
										<condition number="0" type="jump" coverage="0%"/>
									</conditions>
								</line>
								<line number="33" hits="0" branch="false"/>
								<line number="34" hits="0" branch="false"/>
							</lines>
						</method>
						<method name="toString" signature="()Ljava/lang/String;" line-rate="1.0" branch-rate="1.0">
							<lines>
								<line number="45" hits="15" branch="false"/>
							</lines>
						</method>
					</methods>
					<lines>
						<line number="1" hits="8" branch="false"/>
						<line number="5" hits="15" branch="false"/>
						<line number="6" hits="15" branch="false"/>
						<line number="7" hits="15" branch="false"/>
						<line number="8" hits="15" branch="false"/>
						<line number="10" hits="35" branch="false"/>
						<line number="14" hits="14" branch="false"/>
						<line number="19" hits="0" branch="true" condition-coverage="0% (0/2)">
							<conditions>
								<condition number="0" type="jump" coverage="0%"/>
							</conditions>
						</line>
						<line number="20" hits="0" branch="true" condition-coverage="0% (0/2)">
							<conditions>
								<condition number="0" type="jump" coverage="0%"/>
							</conditions>
						</line>
						<line number="22" hits="0" branch="false"/>
						<line number="24" hits="0" branch="true" condition-coverage="0% (0/2)">
							<conditions>
								<condition number="0" type="jump" coverage="0%"/>
							</conditions>
						</line>
						<line number="25" hits="0" branch="true" condition-coverage="0% (0/6)">
							<conditions>
								<condition number="0" type="jump" coverage="0%"/>
								<condition number="1" type="jump" coverage="0%"/>
								<condition number="2" type="jump" coverage="0%"/>
							</conditions>
						</line>
						<line number="27" hits="0" branch="false"/>
						<line number="32" hits="0" branch="true" condition-coverage="0% (0/2)">
							<conditions>
								<condition number="0" type="jump" coverage="0%"/>
							</conditions>
						</line>
						<line number="33" hits="0" branch="false"/>
						<line number="34" hits="0" branch="false"/>
						<line number="40" hits="8" branch="false"/>
						<line number="45" hits="15" branch="false"/>
					</lines>
				</class>
				<class name="Person" filename="Person.java" line-rate="0.9285714285714286" branch-rate="0.875" complexity="3.0">
					<methods>
						<method name="&lt;init&gt;" signature="(Ljava/lang/String;I)V" line-rate="1.0" branch-rate="1.0">
							<lines>
								<line number="6" hits="33" branch="false"/>
								<line number="7" hits="33" branch="false"/>
								<line number="8" hits="33" branch="false"/>
								<line number="9" hits="33" branch="false"/>
							</lines>
						</method>
						<method name="equals" signature="(Ljava/lang/Object;)Z" line-rate="1.0" branch-rate="0.875">
							<lines>
								<line number="12" hits="12" branch="true" condition-coverage="100% (2/2)">
									<conditions>
										<condition number="0" type="jump" coverage="100%"/>
									</conditions>
								</line>
								<line number="13" hits="10" branch="true" condition-coverage="50% (1/2)">
									<conditions>
										<condition number="0" type="jump" coverage="50%"/>
									</conditions>
								</line>
								<line number="15" hits="10" branch="false"/>
								<line number="17" hits="10" branch="true" condition-coverage="100% (2/2)">
									<conditions>
										<condition number="0" type="jump" coverage="100%"/>
									</conditions>
								</line>
								<line number="18" hits="9" branch="true" condition-coverage="100% (2/2)">
									<conditions>
										<condition number="0" type="jump" coverage="100%"/>
									</conditions>
								</line>
								<line number="20" hits="4" branch="false"/>
							</lines>
						</method>
						<method name="hashCode" signature="()I" line-rate="1.0" branch-rate="1.0">
							<lines>
								<line number="24" hits="19" branch="false"/>
								<line number="25" hits="19" branch="false"/>
								<line number="26" hits="19" branch="false"/>
							</lines>
						</method>
						<method name="toString" signature="()Ljava/lang/String;" line-rate="0.0" branch-rate="1.0">
							<lines>
								<line number="31" hits="0" branch="false"/>
							</lines>
						</method>
					</methods>
					<lines>
						<line number="6" hits="33" branch="false"/>
						<line number="7" hits="33" branch="false"/>
						<line number="8" hits="33" branch="false"/>
						<line number="9" hits="33" branch="false"/>
						<line number="12" hits="12" branch="true" condition-coverage="100% (2/2)">
							<conditions>
								<condition number="0" type="jump" coverage="100%"/>
							</conditions>
						</line>
						<line number="13" hits="10" branch="true" condition-coverage="50% (1/2)">
							<conditions>
								<condition number="0" type="jump" coverage="50%"/>
							</conditions>
						</line>
						<line number="15" hits="10" branch="false"/>
						<line number="17" hits="10" branch="true" condition-coverage="100% (2/2)">
							<conditions>
								<condition number="0" type="jump" coverage="100%"/>
							</conditions>
						</line>
						<line number="18" hits="9" branch="true" condition-coverage="100% (2/2)">
							<conditions>
								<condition number="0" type="jump" coverage="100%"/>
							</conditions>
						</line>
						<line number="20" hits="4" branch="false"/>
						<line number="24" hits="19" branch="false"/>
						<line number="25" hits="19" branch="false"/>
						<line number="26" hits="19" branch="false"/>
						<line number="31" hits="0" branch="false"/>
					</lines>
				</class>
				<class name="WrongPerson" filename="WrongPerson.java" line-rate="1.0" branch-rate="0.5" complexity="1.0">
					<methods>
						<method name="&lt;init&gt;" signature="(Ljava/lang/String;I)V" line-rate="1.0" branch-rate="1.0">
							<lines>
								<line number="5" hits="8" branch="false"/>
								<line number="6" hits="8" branch="false"/>
								<line number="7" hits="8" branch="false"/>
								<line number="8" hits="8" branch="false"/>
							</lines>
						</method>
						<method name="equals" signature="(Ljava/lang/Object;)Z" line-rate="1.0" branch-rate="0.5">
							<lines>
								<line number="11" hits="2" branch="true" condition-coverage="50% (1/2)">
									<conditions>
										<condition number="0" type="jump" coverage="50%"/>
									</conditions>
								</line>
							</lines>
						</method>
						<method name="hashCode" signature="()I" line-rate="1.0" branch-rate="1.0">
							<lines>
								<line number="15" hits="4" branch="false"/>
								<line number="16" hits="4" branch="false"/>
								<line number="17" hits="4" branch="false"/>
							</lines>
						</method>
					</methods>
					<lines>
						<line number="5" hits="8" branch="false"/>
						<line number="6" hits="8" branch="false"/>
						<line number="7" hits="8" branch="false"/>
						<line number="8" hits="8" branch="false"/>
						<line number="11" hits="2" branch="true" condition-coverage="50% (1/2)">
							<conditions>
								<condition number="0" type="jump" coverage="50%"/>
							</conditions>
						</line>
						<line number="15" hits="4" branch="false"/>
						<line number="16" hits="4" branch="false"/>
						<line number="17" hits="4" branch="false"/>
					</lines>
				</class>
			</classes>
		</package>
	</packages>
</coverage>
